# JRE version: OpenJDK Runtime Environment (8.0_202-b03) (build 1.8.0_202-release-1483-b03)
# Java VM: OpenJDK 64-Bit Server VM (25.202-b03 mixed mode windows-amd64 compressed oops)
Heap:
 PSYoungGen      total 55296K, used 20862K [0x00000000e0000000, 0x00000000e4480000, 0x0000000100000000)
  eden space 45056K, 31% used [0x00000000e0000000,0x00000000e0da5098,0x00000000e2c00000)
  from space 10240K, 67% used [0x00000000e3080000,0x00000000e373a920,0x00000000e3a80000)
  to   space 4608K, 0% used [0x00000000e4000000,0x00000000e4000000,0x00000000e4480000)
 ParOldGen       total 51200K, used 7795K [0x00000000a0000000, 0x00000000a3200000, 0x00000000e0000000)
  object space 51200K, 15% used [0x00000000a0000000,0x00000000a079cc00,0x00000000a3200000)
 Metaspace       used 29909K, capacity 30408K, committed 30720K, reserved 1075200K
  class space    used 4060K, capacity 4234K, committed 4352K, reserved 1048576K
GC Heap History (10 events):
Event: 5.325 GC heap before
{Heap before GC invocations=6 (full 0):
 PSYoungGen      total 32768K, used 32736K [0x00000000e0000000, 0x00000000e2e80000, 0x0000000100000000)
  eden space 28160K, 100% used [0x00000000e0000000,0x00000000e1b80000,0x00000000e1b80000)
  from space 4608K, 99% used [0x00000000e1c00000,0x00000000e2078020,0x00000000e2080000)
  to   space 9728K, 0% used [0x00000000e2500000,0x00000000e2500000,0x00000000e2e80000)
 ParOldGen       total 76800K, used 7625K [0x00000000a0000000, 0x00000000a4b00000, 0x00000000e0000000)
  object space 76800K, 9% used [0x00000000a0000000,0x00000000a07725a0,0x00000000a4b00000)
 Metaspace       used 20023K, capacity 20502K, committed 20736K, reserved 1067008K
  class space    used 2894K, capacity 3055K, committed 3072K, reserved 1048576K
Event: 5.335 GC heap after
Heap after GC invocations=6 (full 0):
 PSYoungGen      total 37376K, used 8311K [0x00000000e0000000, 0x00000000e4b00000, 0x0000000100000000)
  eden space 27648K, 0% used [0x00000000e0000000,0x00000000e0000000,0x00000000e1b00000)
  from space 9728K, 85% used [0x00000000e2500000,0x00000000e2d1dc20,0x00000000e2e80000)
  to   space 10240K, 0% used [0x00000000e1b00000,0x00000000e1b00000,0x00000000e2500000)
 ParOldGen       total 76800K, used 7633K [0x00000000a0000000, 0x00000000a4b00000, 0x00000000e0000000)
  object space 76800K, 9% used [0x00000000a0000000,0x00000000a07745a0,0x00000000a4b00000)
 Metaspace       used 20023K, capacity 20502K, committed 20736K, reserved 1067008K
  class space    used 2894K, capacity 3055K, committed 3072K, reserved 1048576K
}
Event: 5.434 GC heap before
{Heap before GC invocations=7 (full 0):
 PSYoungGen      total 37376K, used 13254K [0x00000000e0000000, 0x00000000e4b00000, 0x0000000100000000)
  eden space 27648K, 17% used [0x00000000e0000000,0x00000000e04d3ca8,0x00000000e1b00000)
  from space 9728K, 85% used [0x00000000e2500000,0x00000000e2d1dc20,0x00000000e2e80000)
  to   space 10240K, 0% used [0x00000000e1b00000,0x00000000e1b00000,0x00000000e2500000)
 ParOldGen       total 76800K, used 7633K [0x00000000a0000000, 0x00000000a4b00000, 0x00000000e0000000)
  object space 76800K, 9% used [0x00000000a0000000,0x00000000a07745a0,0x00000000a4b00000)
 Metaspace       used 20696K, capacity 21142K, committed 21296K, reserved 1067008K
  class space    used 2954K, capacity 3119K, committed 3200K, reserved 1048576K
Event: 5.441 GC heap after
Heap after GC invocations=7 (full 0):
 PSYoungGen      total 37888K, used 4802K [0x00000000e0000000, 0x00000000e4a00000, 0x0000000100000000)
  eden space 27648K, 0% used [0x00000000e0000000,0x00000000e0000000,0x00000000e1b00000)
  from space 10240K, 46% used [0x00000000e1b00000,0x00000000e1fb0828,0x00000000e2500000)
  to   space 10240K, 0% used [0x00000000e4000000,0x00000000e4000000,0x00000000e4a00000)
 ParOldGen       total 76800K, used 9705K [0x00000000a0000000, 0x00000000a4b00000, 0x00000000e0000000)
  object space 76800K, 12% used [0x00000000a0000000,0x00000000a097a4b0,0x00000000a4b00000)
 Metaspace       used 20696K, capacity 21142K, committed 21296K, reserved 1067008K
  class space    used 2954K, capacity 3119K, committed 3200K, reserved 1048576K
}
Event: 5.441 GC heap before
{Heap before GC invocations=8 (full 1):
 PSYoungGen      total 37888K, used 4802K [0x00000000e0000000, 0x00000000e4a00000, 0x0000000100000000)
  eden space 27648K, 0% used [0x00000000e0000000,0x00000000e0000000,0x00000000e1b00000)
  from space 10240K, 46% used [0x00000000e1b00000,0x00000000e1fb0828,0x00000000e2500000)
  to   space 10240K, 0% used [0x00000000e4000000,0x00000000e4000000,0x00000000e4a00000)
 ParOldGen       total 76800K, used 9705K [0x00000000a0000000, 0x00000000a4b00000, 0x00000000e0000000)
  object space 76800K, 12% used [0x00000000a0000000,0x00000000a097a4b0,0x00000000a4b00000)
 Metaspace       used 20696K, capacity 21142K, committed 21296K, reserved 1067008K
  class space    used 2954K, capacity 3119K, committed 3200K, reserved 1048576K
Event: 5.503 GC heap after
Heap after GC invocations=8 (full 1):
 PSYoungGen      total 37888K, used 0K [0x00000000e0000000, 0x00000000e4a00000, 0x0000000100000000)
  eden space 27648K, 0% used [0x00000000e0000000,0x00000000e0000000,0x00000000e1b00000)
  from space 10240K, 0% used [0x00000000e1b00000,0x00000000e1b00000,0x00000000e2500000)
  to   space 10240K, 0% used [0x00000000e4000000,0x00000000e4000000,0x00000000e4a00000)
 ParOldGen       total 51200K, used 7779K [0x00000000a0000000, 0x00000000a3200000, 0x00000000e0000000)
  object space 51200K, 15% used [0x00000000a0000000,0x00000000a0798c00,0x00000000a3200000)
 Metaspace       used 20696K, capacity 21142K, committed 21296K, reserved 1067008K
  class space    used 2954K, capacity 3119K, committed 3200K, reserved 1048576K
}
Event: 6.223 GC heap before
{Heap before GC invocations=9 (full 1):
 PSYoungGen      total 37888K, used 27648K [0x00000000e0000000, 0x00000000e4a00000, 0x0000000100000000)
  eden space 27648K, 100% used [0x00000000e0000000,0x00000000e1b00000,0x00000000e1b00000)
  from space 10240K, 0% used [0x00000000e1b00000,0x00000000e1b00000,0x00000000e2500000)
  to   space 10240K, 0% used [0x00000000e4000000,0x00000000e4000000,0x00000000e4a00000)
 ParOldGen       total 51200K, used 7779K [0x00000000a0000000, 0x00000000a3200000, 0x00000000e0000000)
  object space 51200K, 15% used [0x00000000a0000000,0x00000000a0798c00,0x00000000a3200000)
 Metaspace       used 25425K, capacity 25892K, committed 26240K, reserved 1071104K
  class space    used 3465K, capacity 3635K, committed 3712K, reserved 1048576K
Event: 6.231 GC heap after
Heap after GC invocations=9 (full 1):
 PSYoungGen      total 49664K, used 4208K [0x00000000e0000000, 0x00000000e4480000, 0x0000000100000000)
  eden space 45056K, 0% used [0x00000000e0000000,0x00000000e0000000,0x00000000e2c00000)
  from space 4608K, 91% used [0x00000000e4000000,0x00000000e441c0c8,0x00000000e4480000)
  to   space 10240K, 0% used [0x00000000e3080000,0x00000000e3080000,0x00000000e3a80000)
 ParOldGen       total 51200K, used 7787K [0x00000000a0000000, 0x00000000a3200000, 0x00000000e0000000)
  object space 51200K, 15% used [0x00000000a0000000,0x00000000a079ac00,0x00000000a3200000)
 Metaspace       used 25425K, capacity 25892K, committed 26240K, reserved 1071104K
  class space    used 3465K, capacity 3635K, committed 3712K, reserved 1048576K
}
Event: 7.085 GC heap before
{Heap before GC invocations=10 (full 1):
 PSYoungGen      total 49664K, used 49264K [0x00000000e0000000, 0x00000000e4480000, 0x0000000100000000)
  eden space 45056K, 100% used [0x00000000e0000000,0x00000000e2c00000,0x00000000e2c00000)
  from space 4608K, 91% used [0x00000000e4000000,0x00000000e441c0c8,0x00000000e4480000)
  to   space 10240K, 0% used [0x00000000e3080000,0x00000000e3080000,0x00000000e3a80000)
 ParOldGen       total 51200K, used 7787K [0x00000000a0000000, 0x00000000a3200000, 0x00000000e0000000)
  object space 51200K, 15% used [0x00000000a0000000,0x00000000a079ac00,0x00000000a3200000)
 Metaspace       used 29460K, capacity 30056K, committed 30336K, reserved 1075200K
  class space    used 3971K, capacity 4138K, committed 4224K, reserved 1048576K
Event: 7.092 GC heap after
Heap after GC invocations=10 (full 1):
 PSYoungGen      total 55296K, used 6890K [0x00000000e0000000, 0x00000000e4480000, 0x0000000100000000)
  eden space 45056K, 0% used [0x00000000e0000000,0x00000000e0000000,0x00000000e2c00000)
  from space 10240K, 67% used [0x00000000e3080000,0x00000000e373a920,0x00000000e3a80000)
  to   space 4608K, 0% used [0x00000000e4000000,0x00000000e4000000,0x00000000e4480000)
 ParOldGen       total 51200K, used 7795K [0x00000000a0000000, 0x00000000a3200000, 0x00000000e0000000)
  object space 51200K, 15% used [0x00000000a0000000,0x00000000a079cc00,0x00000000a3200000)
 Metaspace       used 29460K, capacity 30056K, committed 30336K, reserved 1075200K
  class space    used 3971K, capacity 4138K, committed 4224K, reserved 1048576K
}

